<?xml version="1.0" encoding="UTF-8"?>
<!-- Generated by org.testng.reporters.JUnitReportReporter -->
<testsuite hostname="DESKTOP-05RELMT" failures="0" tests="1" name="RestAssured.copy.Get2Products" time="1.974" errors="0" timestamp="2024-06-12T13:36:59 IST" skipped="0">
  <testcase classname="RestAssured.copy.Get2Products" name="get2Products" time="1.974"/>
</testsuite> <!-- RestAssured.copy.Get2Products -->
