<?xml version="1.0" encoding="UTF-8"?>
<!-- Generated by org.testng.reporters.JUnitReportReporter -->
<testsuite hostname="DESKTOP-05RELMT" failures="0" tests="1" name="RestAssured.GetAllProducts" time="2.438" errors="0" timestamp="2024-06-11T13:04:40 IST" skipped="0">
  <testcase classname="RestAssured.GetAllProducts" name="getAllProds" time="2.438"/>
</testsuite> <!-- RestAssured.GetAllProducts -->
