<?xml version="1.0" encoding="UTF-8"?>
<!-- Generated by org.testng.reporters.JUnitReportReporter -->
<testsuite hostname="DESKTOP-05RELMT" failures="0" tests="1" name="RestAssured.Get2Products" time="2.067" errors="0" timestamp="2024-06-12T13:37:33 IST" skipped="0">
  <testcase classname="RestAssured.Get2Products" name="get2Products" time="2.067"/>
</testsuite> <!-- RestAssured.Get2Products -->
